Log started at 06/06/2023 11:08:52 (2023-06-05T23:08:52Z)
Adding event matcher: CompileEventMatcher
Adding event matcher: LinkEventMatcher
Adding event matcher: MicrosoftEventMatcher
Adding event matcher: XoreaxEventMatcher
No config file at C:\Users\GGPC\OneDrive\Documents\Unreal Engine\UnrealBuildTool\BuildConfiguration.xml
Configuration will be read from:
  C:\Users\GGPC\AppData\Roaming\Unreal Engine\UnrealBuildTool\BuildConfiguration.xml
Log file: C:\Users\GGPC\SDP_Pandemonium\Pandemonium\Saved\Logs\UnrealVersionSelector-2023.06.06-11.08.52.log

    Registering build platform: UnrealBuildTool.AndroidPlatformFactory
Note: Android toolchain NDK r25b recommended
        Registering build platform: Android - buildable: False
    Registering build platform: UnrealBuildTool.IOSPlatformFactory
        Registering build platform: IOS - buildable: False
    Registering build platform: UnrealBuildTool.LinuxPlatformFactory
        Registering build platform: Linux - buildable: False
        Registering build platform: LinuxArm64 - buildable: False
    Registering build platform: UnrealBuildTool.MacPlatformFactory
    Registering build platform: UnrealBuildTool.TVOSPlatformFactory
    Registering build platform: UnrealBuildTool.WindowsPlatformFactory
Found Windows 10 SDK root at C:\Program Files (x86)\Windows Kits\10 (1)
Found Windows 10 SDK root at C:\Program Files (x86)\Windows Kits\10 (2)
Found Windows 10 SDK version 10.0.19041.0 at C:\Program Files (x86)\Windows Kits\10
Found Universal CRT version 10.0.19041.0 at C:\Program Files (x86)\Windows Kits\10
Win64 Installed SDK(s): MinVersion_Sdk=10.0.00000.0, MaxVersion_Sdk=10.9.99999.0, CurrentVersion_Sdk=10.0.19041.0, Version_AutoSdk=10.0.18362.0, CurrentVersion_AutoSdk=
        Registering build platform: Win64 - buildable: True
    Registering build platform: UnrealBuildTool.HoloLensPlatformFactory
Log file: C:\Users\GGPC\AppData\Local\UnrealBuildTool\Log_GPF.txt
Deleting old log file: C:\Users\GGPC\AppData\Local\UnrealBuildTool\Log_GPF-backup-2023.05.28-08.30.30.txt
Resolved project argument C:/Users/GGPC/SDP_Pandemonium/Pandemonium/Pandemonium.uproject to C:\Users\GGPC\SDP_Pandemonium\Pandemonium\Pandemonium.uproject
Registering project generator UnrealBuildTool.AndroidProjectGenerator for Android
Registering project generator UnrealBuildTool.IOSProjectGenerator for IOS
Registering project generator UnrealBuildTool.LinuxProjectGenerator for Linux
Registering project generator UnrealBuildTool.LinuxProjectGenerator for LinuxArm64
Registering project generator UnrealBuildTool.MacProjectGenerator for Mac
Skipping project file generator registration for Mac due to no valid BuildPlatform.
Registering project generator UnrealBuildTool.TVOSProjectGenerator for TVOS
Skipping project file generator registration for TVOS due to no valid BuildPlatform.
Registering project generator UnrealBuildTool.WindowsProjectGenerator for Win64
Registering project generator UnrealBuildTool.HoloLensProjectGenerator for HoloLens
Skipping project file generator registration for HoloLens due to no valid BuildPlatform.

---   SDK INFO START   ---

Some Platforms were skipped due to invalid SDK setup: IOS, Android, Linux, LinuxArm64.
See the log file for detailed information

---   SDK INFO END   ---

Discovering modules, targets and source code for project...
Found Visual Studio installation: C:\Program Files (x86)\Microsoft Visual Studio\2019\Community (Product=Microsoft.VisualStudio.Product.Community, Version=16.11.33529.622)
Found Visual Studio toolchain: C:\Program Files (x86)\Microsoft Visual Studio\2019\Community\VC\Tools\MSVC\14.29.30133 (Family=14.29.30133, FamilyRank=0, Version=14.29.30148, Is64Bit=True, Preview=False, Architecture=x64, Error=False, Redist=C:\Program Files (x86)\Microsoft Visual Studio\2019\Community\VC\Redist\MSVC\14.29.30133)
Found Visual Studio toolchain: C:\Program Files (x86)\Microsoft Visual Studio\2019\Community\VC\Tools\MSVC\14.29.30133 (Family=14.29.30133, FamilyRank=0, Version=14.29.30148, Is64Bit=True, Preview=False, Architecture=ARM64, Error=False, Redist=C:\Program Files (x86)\Microsoft Visual Studio\2019\Community\VC\Redist\MSVC\14.29.30133)
Detected supported platforms: Win64, IOS, Android, Linux, LinuxArm64
Skipping C:\Program Files\Epic Games\UE_5.1\Engine\Intermediate\Build\BuildRules\UE5Rules.dll: File is installed
Skipping C:\Program Files\Epic Games\UE_5.1\Engine\Intermediate\Build\BuildRules\UE5ProgramRules.dll: File is installed
Generating target Editor for C:\Users\GGPC\SDP_Pandemonium\Pandemonium\Intermediate\ProjectFiles\UE5.vcxproj
Generating target Game for C:\Users\GGPC\SDP_Pandemonium\Pandemonium\Intermediate\ProjectFiles\UE5.vcxproj
Creating project rules assembly for C:\Users\GGPC\SDP_Pandemonium\Pandemonium\Pandemonium.uproject...
 Found 0 Plugins:
 Found 1 Modules:
  C:\Users\GGPC\SDP_Pandemonium\Pandemonium\Source\Pandemonium\Pandemonium.Build.cs
Unhandled exception: EpicGames.Core.JsonParseException: Unable to parse C:\Users\GGPC\SDP_Pandemonium\Pandemonium\Intermediate\Build\BuildRules\PandemoniumModuleRulesManifest.json: '<' is an invalid start of a value. LineNumber: 2 | BytePositionInLine: 0.
   at EpicGames.Core.JsonObject.Read(FileReference file) in D:\build\++UE5\Sync\Engine\Saved\CsTools\Engine\Source\Programs\Shared\EpicGames.Core\JsonObject.cs:line 98
   at UnrealBuildTool.DynamicCompilation.RequiresCompilation(HashSet`1 SourceFiles, FileReference AssemblyManifestFilePath, FileReference OutputAssemblyPath, ILogger Logger) in D:\build\++UE5\Sync\Engine\Saved\CsTools\Engine\Source\Programs\UnrealBuildTool\System\DynamicCompilation.cs:line 77
   at UnrealBuildTool.DynamicCompilation.CompileAndLoadAssembly(FileReference OutputAssemblyPath, HashSet`1 SourceFileNames, ILogger Logger, List`1 ReferencedAssembies, List`1 PreprocessorDefines, Boolean DoNotCompile, Boolean ForceCompile, Boolean TreatWarningsAsErrors) in D:\build\++UE5\Sync\Engine\Saved\CsTools\Engine\Source\Programs\UnrealBuildTool\System\DynamicCompilation.cs:line 309
   at UnrealBuildTool.RulesAssembly..ctor(RulesScope Scope, List`1 BaseDirs, IReadOnlyList`1 Plugins, Dictionary`2 ModuleFileToContext, List`1 TargetFiles, FileReference AssemblyFileName, Boolean bContainsEngineModules, Nullable`1 DefaultBuildSettings, Boolean bReadOnly, Boolean bSkipCompile, Boolean bForceCompile, RulesAssembly Parent, ILogger Logger) in D:\build\++UE5\Sync\Engine\Saved\CsTools\Engine\Source\Programs\UnrealBuildTool\System\RulesAssembly.cs:line 59
   at UnrealBuildTool.RulesCompiler.CreateProjectRulesAssembly(FileReference ProjectFileName, Boolean bUsePrecompiled, Boolean bSkipCompile, Boolean bForceCompile, ILogger Logger) in D:\build\++UE5\Sync\Engine\Saved\CsTools\Engine\Source\Programs\UnrealBuildTool\System\RulesCompiler.cs:line 314
   at UnrealBuildTool.ProjectFileGenerator.AddProjectsForAllTargets(PlatformProjectGeneratorCollection PlatformProjectGenerators, List`1 AllGames, List`1 AllTargetFiles, String[] Arguments, ProjectFile& EngineProject, List`1 GameProjects, Dictionary`2 ProgramProjects, Dictionary`2 RulesAssemblies, ILogger Logger) in D:\build\++UE5\Sync\Engine\Saved\CsTools\Engine\Source\Programs\UnrealBuildTool\ProjectFiles\ProjectFileGenerator.cs:line 2400
   at UnrealBuildTool.ProjectFileGenerator.GenerateProjectFiles(PlatformProjectGeneratorCollection PlatformProjectGenerators, String[] Arguments, ILogger Logger) in D:\build\++UE5\Sync\Engine\Saved\CsTools\Engine\Source\Programs\UnrealBuildTool\ProjectFiles\ProjectFileGenerator.cs:line 898
   at UnrealBuildTool.GenerateProjectFilesMode.Execute(CommandLineArguments Arguments, ILogger Logger) in D:\build\++UE5\Sync\Engine\Saved\CsTools\Engine\Source\Programs\UnrealBuildTool\Modes\GenerateProjectFilesMode.cs:line 233
   at UnrealBuildTool.UnrealBuildTool.Main(String[] ArgumentsArray) in D:\build\++UE5\Sync\Engine\Saved\CsTools\Engine\Source\Programs\UnrealBuildTool\UnrealBuildTool.cs:line 648
Unhandled exception: JsonParseException: Unable to parse C:\Users\GGPC\SDP_Pandemonium\Pandemonium\Intermediate\Build\BuildRules\PandemoniumModuleRulesManifest.json: '<' is an invalid start of a value. LineNumber: 2 | BytePositionInLine: 0.
   at EpicGames.Core.JsonObject.Read(FileReference file) in D:\build\++UE5\Sync\Engine\Saved\CsTools\Engine\Source\Programs\Shared\EpicGames.Core\JsonObject.cs:line 98
   at UnrealBuildTool.DynamicCompilation.RequiresCompilation(HashSet`1 SourceFiles, FileReference AssemblyManifestFilePath, FileReference OutputAssemblyPath, ILogger Logger) in D:\build\++UE5\Sync\Engine\Saved\CsTools\Engine\Source\Programs\UnrealBuildTool\System\DynamicCompilation.cs:line 77
   at UnrealBuildTool.DynamicCompilation.CompileAndLoadAssembly(FileReference OutputAssemblyPath, HashSet`1 SourceFileNames, ILogger Logger, List`1 ReferencedAssembies, List`1 PreprocessorDefines, Boolean DoNotCompile, Boolean ForceCompile, Boolean TreatWarningsAsErrors) in D:\build\++UE5\Sync\Engine\Saved\CsTools\Engine\Source\Programs\UnrealBuildTool\System\DynamicCompilation.cs:line 309
   at UnrealBuildTool.RulesAssembly..ctor(RulesScope Scope, List`1 BaseDirs, IReadOnlyList`1 Plugins, Dictionary`2 ModuleFileToContext, List`1 TargetFiles, FileReference AssemblyFileName, Boolean bContainsEngineModules, Nullable`1 DefaultBuildSettings, Boolean bReadOnly, Boolean bSkipCompile, Boolean bForceCompile, RulesAssembly Parent, ILogger Logger) in D:\build\++UE5\Sync\Engine\Saved\CsTools\Engine\Source\Programs\UnrealBuildTool\System\RulesAssembly.cs:line 59
   at UnrealBuildTool.RulesCompiler.CreateProjectRulesAssembly(FileReference ProjectFileName, Boolean bUsePrecompiled, Boolean bSkipCompile, Boolean bForceCompile, ILogger Logger) in D:\build\++UE5\Sync\Engine\Saved\CsTools\Engine\Source\Programs\UnrealBuildTool\System\RulesCompiler.cs:line 314
   at UnrealBuildTool.ProjectFileGenerator.AddProjectsForAllTargets(PlatformProjectGeneratorCollection PlatformProjectGenerators, List`1 AllGames, List`1 AllTargetFiles, String[] Arguments, ProjectFile& EngineProject, List`1 GameProjects, Dictionary`2 ProgramProjects, Dictionary`2 RulesAssemblies, ILogger Logger) in D:\build\++UE5\Sync\Engine\Saved\CsTools\Engine\Source\Programs\UnrealBuildTool\ProjectFiles\ProjectFileGenerator.cs:line 2400
   at UnrealBuildTool.ProjectFileGenerator.GenerateProjectFiles(PlatformProjectGeneratorCollection PlatformProjectGenerators, String[] Arguments, ILogger Logger) in D:\build\++UE5\Sync\Engine\Saved\CsTools\Engine\Source\Programs\UnrealBuildTool\ProjectFiles\ProjectFileGenerator.cs:line 898
   at UnrealBuildTool.GenerateProjectFilesMode.Execute(CommandLineArguments Arguments, ILogger Logger) in D:\build\++UE5\Sync\Engine\Saved\CsTools\Engine\Source\Programs\UnrealBuildTool\Modes\GenerateProjectFilesMode.cs:line 233
   at UnrealBuildTool.UnrealBuildTool.Main(String[] ArgumentsArray) in D:\build\++UE5\Sync\Engine\Saved\CsTools\Engine\Source\Programs\UnrealBuildTool\UnrealBuildTool.cs:line 648
WriteFileIfChanged() wrote 0 changed files of 0 requested writes.
Timeline:

[ 0.000]
[ 0.000](+1.376) <unknown>
[ 1.376]
